 WARN [2017-10-07 09:32:37,103] ({main} ZeppelinConfiguration.java[create]:97) - Failed to load configuration, proceeding with a default
 INFO [2017-10-07 09:32:37,135] ({main} ZeppelinConfiguration.java[create]:109) - Server Host: 0.0.0.0
 INFO [2017-10-07 09:32:37,136] ({main} ZeppelinConfiguration.java[create]:111) - Server Port: 8080
 INFO [2017-10-07 09:32:37,136] ({main} ZeppelinConfiguration.java[create]:115) - Context Path: /
 INFO [2017-10-07 09:32:37,141] ({main} ZeppelinConfiguration.java[create]:116) - Zeppelin Version: 0.7.3
 INFO [2017-10-07 09:32:37,156] ({main} Log.java[initialized]:186) - Logging initialized @267ms
 INFO [2017-10-07 09:32:37,218] ({main} ZeppelinServer.java[setupWebAppContext]:346) - ZeppelinServer Webapp path: /zeppelin/webapps
 INFO [2017-10-07 09:32:37,324] ({main} ZeppelinServer.java[main]:187) - Starting zeppelin server
 INFO [2017-10-07 09:32:37,326] ({main} Server.java[doStart]:327) - jetty-9.2.15.v20160210
 INFO [2017-10-07 09:32:39,321] ({main} StandardDescriptorProcessor.java[visitServlet]:297) - NO JSP Support for /, did not find org.eclipse.jetty.jsp.JettyJspServlet
 WARN [2017-10-07 09:32:39,485] ({main} Helium.java[loadConf]:101) - /zeppelin/conf/helium.json does not exists
 WARN [2017-10-07 09:32:39,737] ({main} Interpreter.java[register]:406) - Static initialization is deprecated for interpreter sql, You should change it to use interpreter-setting.json in your jar or interpreter/{interpreter}/interpreter-setting.json
 INFO [2017-10-07 09:32:39,739] ({main} InterpreterSettingManager.java[init]:305) - Interpreter psql.sql found. class=org.apache.zeppelin.postgresql.PostgreSqlInterpreter
 INFO [2017-10-07 09:32:39,975] ({main} InterpreterSettingManager.java[init]:337) - InterpreterSettingRef name ignite
 INFO [2017-10-07 09:32:39,976] ({main} InterpreterSettingManager.java[init]:337) - InterpreterSettingRef name python
 INFO [2017-10-07 09:32:39,977] ({main} InterpreterSettingManager.java[init]:337) - InterpreterSettingRef name jdbc
 INFO [2017-10-07 09:32:39,979] ({main} InterpreterSettingManager.java[init]:337) - InterpreterSettingRef name psql
 INFO [2017-10-07 09:32:39,979] ({main} InterpreterSettingManager.java[init]:337) - InterpreterSettingRef name lens
 INFO [2017-10-07 09:32:39,980] ({main} InterpreterSettingManager.java[init]:337) - InterpreterSettingRef name pig
 INFO [2017-10-07 09:32:39,980] ({main} InterpreterSettingManager.java[init]:337) - InterpreterSettingRef name flink
 INFO [2017-10-07 09:32:39,980] ({main} InterpreterSettingManager.java[init]:337) - InterpreterSettingRef name angular
 INFO [2017-10-07 09:32:39,981] ({main} InterpreterSettingManager.java[init]:337) - InterpreterSettingRef name livy
 INFO [2017-10-07 09:32:39,981] ({main} InterpreterSettingManager.java[init]:337) - InterpreterSettingRef name file
 INFO [2017-10-07 09:32:39,981] ({main} InterpreterSettingManager.java[init]:337) - InterpreterSettingRef name elasticsearch
 INFO [2017-10-07 09:32:39,981] ({main} InterpreterSettingManager.java[init]:337) - InterpreterSettingRef name sh
 INFO [2017-10-07 09:32:39,982] ({main} InterpreterSettingManager.java[init]:337) - InterpreterSettingRef name spark
 INFO [2017-10-07 09:32:39,982] ({main} InterpreterSettingManager.java[init]:337) - InterpreterSettingRef name cassandra
 INFO [2017-10-07 09:32:39,982] ({main} InterpreterSettingManager.java[init]:337) - InterpreterSettingRef name md
 INFO [2017-10-07 09:32:39,982] ({main} InterpreterSettingManager.java[init]:337) - InterpreterSettingRef name alluxio
 INFO [2017-10-07 09:32:39,983] ({main} InterpreterSettingManager.java[init]:337) - InterpreterSettingRef name bigquery
 INFO [2017-10-07 09:32:39,983] ({main} InterpreterSettingManager.java[init]:337) - InterpreterSettingRef name hbase
 INFO [2017-10-07 09:32:39,983] ({main} InterpreterSettingManager.java[init]:337) - InterpreterSettingRef name kylin
 INFO [2017-10-07 09:32:40,000] ({main} InterpreterSettingManager.java[init]:366) - InterpreterSetting group cassandra : id=2CTXND1N4, name=cassandra
 INFO [2017-10-07 09:32:40,001] ({main} InterpreterSettingManager.java[init]:366) - InterpreterSetting group pig : id=2CVP9CA2Q, name=pig
 INFO [2017-10-07 09:32:40,001] ({main} InterpreterSettingManager.java[init]:366) - InterpreterSetting group lens : id=2CXGM5NQW, name=lens
 INFO [2017-10-07 09:32:40,002] ({main} InterpreterSettingManager.java[init]:366) - InterpreterSetting group md : id=2CUYYKNUN, name=md
 INFO [2017-10-07 09:32:40,002] ({main} InterpreterSettingManager.java[init]:366) - InterpreterSetting group angular : id=2CUGKPS8X, name=angular
 INFO [2017-10-07 09:32:40,002] ({main} InterpreterSettingManager.java[init]:366) - InterpreterSetting group elasticsearch : id=2CWR1QG13, name=elasticsearch
 INFO [2017-10-07 09:32:40,003] ({main} InterpreterSettingManager.java[init]:366) - InterpreterSetting group jdbc : id=2CWQNQZD2, name=jdbc
 INFO [2017-10-07 09:32:40,003] ({main} InterpreterSettingManager.java[init]:366) - InterpreterSetting group kylin : id=2CW8883AY, name=kylin
 INFO [2017-10-07 09:32:40,003] ({main} InterpreterSettingManager.java[init]:366) - InterpreterSetting group psql : id=2CTX4JVQY, name=psql
 INFO [2017-10-07 09:32:40,004] ({main} InterpreterSettingManager.java[init]:366) - InterpreterSetting group livy : id=2CUMUXCD5, name=livy
 INFO [2017-10-07 09:32:40,004] ({main} InterpreterSettingManager.java[init]:366) - InterpreterSetting group file : id=2CW2A7NG8, name=file
 INFO [2017-10-07 09:32:40,004] ({main} InterpreterSettingManager.java[init]:366) - InterpreterSetting group spark : id=2CUHEP2ZR, name=spark
 INFO [2017-10-07 09:32:40,004] ({main} InterpreterSettingManager.java[init]:366) - InterpreterSetting group flink : id=2CX8UWEEB, name=flink
 INFO [2017-10-07 09:32:40,005] ({main} InterpreterSettingManager.java[init]:366) - InterpreterSetting group sh : id=2CVFKRMR1, name=sh
 INFO [2017-10-07 09:32:40,005] ({main} InterpreterSettingManager.java[init]:366) - InterpreterSetting group ignite : id=2CVEH6JAS, name=ignite
 INFO [2017-10-07 09:32:40,008] ({main} InterpreterSettingManager.java[init]:366) - InterpreterSetting group alluxio : id=2CW56Z9VS, name=alluxio
 INFO [2017-10-07 09:32:40,008] ({main} InterpreterSettingManager.java[init]:366) - InterpreterSetting group hbase : id=2CVKCC44X, name=hbase
 INFO [2017-10-07 09:32:40,008] ({main} InterpreterSettingManager.java[init]:366) - InterpreterSetting group python : id=2CXHF47ZP, name=python
 INFO [2017-10-07 09:32:40,009] ({main} InterpreterSettingManager.java[init]:366) - InterpreterSetting group bigquery : id=2CX6M8M41, name=bigquery
 INFO [2017-10-07 09:32:40,015] ({main} InterpreterFactory.java[<init>]:130) - shiroEnabled: false
 INFO [2017-10-07 09:32:40,090] ({main} VfsLog.java[info]:138) - Using "/tmp/vfs_cache" as temporary files store.
 INFO [2017-10-07 09:32:40,133] ({main} GitNotebookRepo.java[<init>]:63) - Opening a git repo at '/notebook'
 INFO [2017-10-07 09:32:40,327] ({main} NotebookAuthorization.java[loadFromFile]:96) - /zeppelin/conf/notebook-authorization.json
 INFO [2017-10-07 09:32:40,328] ({main} Credentials.java[loadFromFile]:102) - /zeppelin/conf/credentials.json
 INFO [2017-10-07 09:32:40,356] ({main} StdSchedulerFactory.java[instantiate]:1184) - Using default implementation for ThreadExecutor
 INFO [2017-10-07 09:32:40,359] ({main} SimpleThreadPool.java[initialize]:268) - Job execution threads will use class loader of thread: main
 INFO [2017-10-07 09:32:40,370] ({main} SchedulerSignalerImpl.java[<init>]:61) - Initialized Scheduler Signaller of type: class org.quartz.core.SchedulerSignalerImpl
 INFO [2017-10-07 09:32:40,371] ({main} QuartzScheduler.java[<init>]:240) - Quartz Scheduler v.2.2.1 created.
 INFO [2017-10-07 09:32:40,372] ({main} RAMJobStore.java[initialize]:155) - RAMJobStore initialized.
 INFO [2017-10-07 09:32:40,373] ({main} QuartzScheduler.java[initialize]:305) - Scheduler meta-data: Quartz Scheduler (v2.2.1) 'DefaultQuartzScheduler' with instanceId 'NON_CLUSTERED'
  Scheduler class: 'org.quartz.core.QuartzScheduler' - running locally.
  NOT STARTED.
  Currently in standby mode.
  Number of jobs executed: 0
  Using thread pool 'org.quartz.simpl.SimpleThreadPool' - with 10 threads.
  Using job-store 'org.quartz.simpl.RAMJobStore' - which does not support persistence. and is not clustered.

 INFO [2017-10-07 09:32:40,373] ({main} StdSchedulerFactory.java[instantiate]:1339) - Quartz scheduler 'DefaultQuartzScheduler' initialized from default resource file in Quartz package: 'quartz.properties'
 INFO [2017-10-07 09:32:40,374] ({main} StdSchedulerFactory.java[instantiate]:1343) - Quartz scheduler version: 2.2.1
 INFO [2017-10-07 09:32:40,374] ({main} QuartzScheduler.java[start]:575) - Scheduler DefaultQuartzScheduler_$_NON_CLUSTERED started.
 INFO [2017-10-07 09:32:40,488] ({main} FolderView.java[createFolder]:107) - Create folder /
 INFO [2017-10-07 09:32:40,489] ({main} Folder.java[setParent]:168) - Set parent of / to /
 INFO [2017-10-07 09:32:40,490] ({main} Folder.java[addNote]:184) - Add note 2CXRE925Q to folder /
 INFO [2017-10-07 09:32:40,491] ({main} Notebook.java[<init>]:127) - Notebook indexing started...
 INFO [2017-10-07 09:32:40,654] ({main} LuceneSearch.java[addIndexDocs]:305) - Indexing 1 notebooks took 162ms
 INFO [2017-10-07 09:32:40,655] ({main} Notebook.java[<init>]:129) - Notebook indexing finished: 1 indexed in 0s
 INFO [2017-10-07 09:32:40,813] ({main} ServerImpl.java[initDestination]:94) - Setting the server's publish address to be /
 INFO [2017-10-07 09:32:41,336] ({main} ContextHandler.java[doStart]:744) - Started o.e.j.w.WebAppContext@44f75083{/,file:/zeppelin/webapps/webapp/,AVAILABLE}{/zeppelin/zeppelin-web-0.7.3.war}
 INFO [2017-10-07 09:32:41,347] ({main} AbstractConnector.java[doStart]:266) - Started ServerConnector@1416cf9f{HTTP/1.1}{0.0.0.0:8080}
 INFO [2017-10-07 09:32:41,353] ({main} Server.java[doStart]:379) - Started @4466ms
 INFO [2017-10-07 09:32:41,354] ({main} ZeppelinServer.java[main]:197) - Done, zeppelin server started
 WARN [2017-10-07 09:41:14,176] ({qtp75457651-19} SecurityRestApi.java[ticket]:87) - {"status":"OK","message":"","body":{"principal":"anonymous","ticket":"anonymous","roles":"[]"}}
 INFO [2017-10-07 09:41:14,351] ({qtp75457651-15} NotebookServer.java[onOpen]:157) - New connection from 172.17.0.1 : 45682
 INFO [2017-10-07 09:41:16,155] ({qtp75457651-15} NotebookServer.java[sendNote]:711) - New operation from 172.17.0.1 : 45682 : anonymous : GET_NOTE : 2CXRE925Q
 WARN [2017-10-07 09:41:16,239] ({qtp75457651-15} GitNotebookRepo.java[revisionHistory]:157) - No Head found for 2CXRE925Q, No HEAD exists and no explicit starting revision was specified
 WARN [2017-10-07 09:41:17,049] ({qtp75457651-19} InterpreterSettingManager.java[getEditorSetting]:523) - Couldn't get interpreter editor setting
 WARN [2017-10-07 09:41:17,052] ({qtp75457651-19} InterpreterSettingManager.java[getEditorSetting]:523) - Couldn't get interpreter editor setting
 WARN [2017-10-07 09:41:17,053] ({qtp75457651-19} InterpreterSettingManager.java[getEditorSetting]:523) - Couldn't get interpreter editor setting
 WARN [2017-10-07 09:41:17,054] ({qtp75457651-19} InterpreterSettingManager.java[getEditorSetting]:523) - Couldn't get interpreter editor setting
 WARN [2017-10-07 09:41:17,055] ({qtp75457651-19} InterpreterSettingManager.java[getEditorSetting]:523) - Couldn't get interpreter editor setting
 WARN [2017-10-07 09:41:17,057] ({qtp75457651-19} InterpreterSettingManager.java[getEditorSetting]:523) - Couldn't get interpreter editor setting
 INFO [2017-10-07 10:31:08,521] ({qtp75457651-19} NotebookServer.java[onClose]:364) - Closed connection to 172.17.0.1 : 45682. (1001) null
 INFO [2017-10-07 23:27:07,057] ({Thread-13} ZeppelinServer.java[run]:201) - Shutting down Zeppelin Server ... 
 INFO [2017-10-07 23:27:07,139] ({Thread-13} AbstractConnector.java[doStop]:306) - Stopped ServerConnector@1416cf9f{HTTP/1.1}{0.0.0.0:8080}
 INFO [2017-10-07 23:27:07,199] ({Thread-13} ContextHandler.java[doStop]:865) - Stopped o.e.j.w.WebAppContext@44f75083{/,file:/zeppelin/webapps/webapp/,UNAVAILABLE}{/zeppelin/zeppelin-web-0.7.3.war}
 INFO [2017-10-07 23:27:09,630] ({Thread-13} NotebookRepoSync.java[close]:430) - Closing all notebook storages
 INFO [2017-10-07 23:27:12,636] ({Thread-13} ZeppelinServer.java[run]:210) - Bye
