 WARN [2017-10-06 12:01:36,523] ({main} ZeppelinConfiguration.java[create]:97) - Failed to load configuration, proceeding with a default
 INFO [2017-10-06 12:01:36,594] ({main} ZeppelinConfiguration.java[create]:109) - Server Host: 0.0.0.0
 INFO [2017-10-06 12:01:36,595] ({main} ZeppelinConfiguration.java[create]:111) - Server Port: 8080
 INFO [2017-10-06 12:01:36,595] ({main} ZeppelinConfiguration.java[create]:115) - Context Path: /
 INFO [2017-10-06 12:01:36,605] ({main} ZeppelinConfiguration.java[create]:116) - Zeppelin Version: 0.7.3
 INFO [2017-10-06 12:01:36,656] ({main} Log.java[initialized]:186) - Logging initialized @769ms
 INFO [2017-10-06 12:01:37,651] ({main} ZeppelinServer.java[setupWebAppContext]:346) - ZeppelinServer Webapp path: /zeppelin/webapps
 INFO [2017-10-06 12:01:39,676] ({main} ZeppelinServer.java[main]:187) - Starting zeppelin server
 INFO [2017-10-06 12:01:39,680] ({main} Server.java[doStart]:327) - jetty-9.2.15.v20160210
 INFO [2017-10-06 12:01:42,696] ({main} StandardDescriptorProcessor.java[visitServlet]:297) - NO JSP Support for /, did not find org.eclipse.jetty.jsp.JettyJspServlet
 WARN [2017-10-06 12:01:43,071] ({main} Helium.java[loadConf]:101) - /zeppelin/conf/helium.json does not exists
 WARN [2017-10-06 12:01:43,192] ({main} Interpreter.java[register]:406) - Static initialization is deprecated for interpreter sql, You should change it to use interpreter-setting.json in your jar or interpreter/{interpreter}/interpreter-setting.json
 INFO [2017-10-06 12:01:43,194] ({main} InterpreterSettingManager.java[init]:305) - Interpreter psql.sql found. class=org.apache.zeppelin.postgresql.PostgreSqlInterpreter
 INFO [2017-10-06 12:01:44,209] ({main} InterpreterSettingManager.java[init]:337) - InterpreterSettingRef name ignite
 INFO [2017-10-06 12:01:44,210] ({main} InterpreterSettingManager.java[init]:337) - InterpreterSettingRef name python
 INFO [2017-10-06 12:01:44,211] ({main} InterpreterSettingManager.java[init]:337) - InterpreterSettingRef name jdbc
 INFO [2017-10-06 12:01:44,213] ({main} InterpreterSettingManager.java[init]:337) - InterpreterSettingRef name psql
 INFO [2017-10-06 12:01:44,214] ({main} InterpreterSettingManager.java[init]:337) - InterpreterSettingRef name lens
 INFO [2017-10-06 12:01:44,214] ({main} InterpreterSettingManager.java[init]:337) - InterpreterSettingRef name pig
 INFO [2017-10-06 12:01:44,215] ({main} InterpreterSettingManager.java[init]:337) - InterpreterSettingRef name flink
 INFO [2017-10-06 12:01:44,215] ({main} InterpreterSettingManager.java[init]:337) - InterpreterSettingRef name angular
 INFO [2017-10-06 12:01:44,215] ({main} InterpreterSettingManager.java[init]:337) - InterpreterSettingRef name livy
 INFO [2017-10-06 12:01:44,216] ({main} InterpreterSettingManager.java[init]:337) - InterpreterSettingRef name file
 INFO [2017-10-06 12:01:44,216] ({main} InterpreterSettingManager.java[init]:337) - InterpreterSettingRef name elasticsearch
 INFO [2017-10-06 12:01:44,217] ({main} InterpreterSettingManager.java[init]:337) - InterpreterSettingRef name sh
 INFO [2017-10-06 12:01:44,217] ({main} InterpreterSettingManager.java[init]:337) - InterpreterSettingRef name cassandra
 INFO [2017-10-06 12:01:44,217] ({main} InterpreterSettingManager.java[init]:337) - InterpreterSettingRef name spark
 INFO [2017-10-06 12:01:44,218] ({main} InterpreterSettingManager.java[init]:337) - InterpreterSettingRef name md
 INFO [2017-10-06 12:01:44,218] ({main} InterpreterSettingManager.java[init]:337) - InterpreterSettingRef name alluxio
 INFO [2017-10-06 12:01:44,219] ({main} InterpreterSettingManager.java[init]:337) - InterpreterSettingRef name bigquery
 INFO [2017-10-06 12:01:44,219] ({main} InterpreterSettingManager.java[init]:337) - InterpreterSettingRef name hbase
 INFO [2017-10-06 12:01:44,219] ({main} InterpreterSettingManager.java[init]:337) - InterpreterSettingRef name kylin
 INFO [2017-10-06 12:01:44,252] ({main} InterpreterSettingManager.java[init]:366) - InterpreterSetting group file : id=2CXHFJKT9, name=file
 INFO [2017-10-06 12:01:44,252] ({main} InterpreterSettingManager.java[init]:366) - InterpreterSetting group lens : id=2CUZFAWMQ, name=lens
 INFO [2017-10-06 12:01:44,253] ({main} InterpreterSettingManager.java[init]:366) - InterpreterSetting group pig : id=2CV9S8R3J, name=pig
 INFO [2017-10-06 12:01:44,254] ({main} InterpreterSettingManager.java[init]:366) - InterpreterSetting group angular : id=2CWUSGUYS, name=angular
 INFO [2017-10-06 12:01:44,254] ({main} InterpreterSettingManager.java[init]:366) - InterpreterSetting group flink : id=2CXC74ZW9, name=flink
 INFO [2017-10-06 12:01:44,254] ({main} InterpreterSettingManager.java[init]:366) - InterpreterSetting group alluxio : id=2CUKX4GZC, name=alluxio
 INFO [2017-10-06 12:01:44,255] ({main} InterpreterSettingManager.java[init]:366) - InterpreterSetting group sh : id=2CW75GK7H, name=sh
 INFO [2017-10-06 12:01:44,255] ({main} InterpreterSettingManager.java[init]:366) - InterpreterSetting group psql : id=2CVQAS4ZC, name=psql
 INFO [2017-10-06 12:01:44,256] ({main} InterpreterSettingManager.java[init]:366) - InterpreterSetting group kylin : id=2CU2A2P6X, name=kylin
 INFO [2017-10-06 12:01:44,256] ({main} InterpreterSettingManager.java[init]:366) - InterpreterSetting group elasticsearch : id=2CTYPXKZU, name=elasticsearch
 INFO [2017-10-06 12:01:44,257] ({main} InterpreterSettingManager.java[init]:366) - InterpreterSetting group livy : id=2CWMEG7R1, name=livy
 INFO [2017-10-06 12:01:44,257] ({main} InterpreterSettingManager.java[init]:366) - InterpreterSetting group hbase : id=2CUX3UCDB, name=hbase
 INFO [2017-10-06 12:01:44,257] ({main} InterpreterSettingManager.java[init]:366) - InterpreterSetting group python : id=2CUEBVXGU, name=python
 INFO [2017-10-06 12:01:44,258] ({main} InterpreterSettingManager.java[init]:366) - InterpreterSetting group cassandra : id=2CXDW5MAS, name=cassandra
 INFO [2017-10-06 12:01:44,258] ({main} InterpreterSettingManager.java[init]:366) - InterpreterSetting group bigquery : id=2CW6SH719, name=bigquery
 INFO [2017-10-06 12:01:44,258] ({main} InterpreterSettingManager.java[init]:366) - InterpreterSetting group spark : id=2CWBF4HKN, name=spark
 INFO [2017-10-06 12:01:44,259] ({main} InterpreterSettingManager.java[init]:366) - InterpreterSetting group ignite : id=2CURJPDJY, name=ignite
 INFO [2017-10-06 12:01:44,259] ({main} InterpreterSettingManager.java[init]:366) - InterpreterSetting group jdbc : id=2CUCYHSMN, name=jdbc
 INFO [2017-10-06 12:01:44,259] ({main} InterpreterSettingManager.java[init]:366) - InterpreterSetting group md : id=2CXHFN417, name=md
 INFO [2017-10-06 12:01:44,270] ({main} InterpreterFactory.java[<init>]:130) - shiroEnabled: false
 INFO [2017-10-06 12:01:44,420] ({main} VfsLog.java[info]:138) - Using "/tmp/vfs_cache" as temporary files store.
 INFO [2017-10-06 12:01:44,513] ({main} GitNotebookRepo.java[<init>]:63) - Opening a git repo at '/notebook'
 INFO [2017-10-06 12:01:44,723] ({main} GitNotebookRepo.java[<init>]:66) - Git repo /notebook/.git does not exist, creating a new one
 INFO [2017-10-06 12:01:45,012] ({main} NotebookAuthorization.java[loadFromFile]:96) - /zeppelin/conf/notebook-authorization.json
 INFO [2017-10-06 12:01:45,014] ({main} Credentials.java[loadFromFile]:102) - /zeppelin/conf/credentials.json
 INFO [2017-10-06 12:01:45,094] ({main} StdSchedulerFactory.java[instantiate]:1184) - Using default implementation for ThreadExecutor
 INFO [2017-10-06 12:01:45,098] ({main} SimpleThreadPool.java[initialize]:268) - Job execution threads will use class loader of thread: main
 INFO [2017-10-06 12:01:45,122] ({main} SchedulerSignalerImpl.java[<init>]:61) - Initialized Scheduler Signaller of type: class org.quartz.core.SchedulerSignalerImpl
 INFO [2017-10-06 12:01:45,125] ({main} QuartzScheduler.java[<init>]:240) - Quartz Scheduler v.2.2.1 created.
 INFO [2017-10-06 12:01:45,127] ({main} RAMJobStore.java[initialize]:155) - RAMJobStore initialized.
 INFO [2017-10-06 12:01:45,129] ({main} QuartzScheduler.java[initialize]:305) - Scheduler meta-data: Quartz Scheduler (v2.2.1) 'DefaultQuartzScheduler' with instanceId 'NON_CLUSTERED'
  Scheduler class: 'org.quartz.core.QuartzScheduler' - running locally.
  NOT STARTED.
  Currently in standby mode.
  Number of jobs executed: 0
  Using thread pool 'org.quartz.simpl.SimpleThreadPool' - with 10 threads.
  Using job-store 'org.quartz.simpl.RAMJobStore' - which does not support persistence. and is not clustered.

 INFO [2017-10-06 12:01:45,130] ({main} StdSchedulerFactory.java[instantiate]:1339) - Quartz scheduler 'DefaultQuartzScheduler' initialized from default resource file in Quartz package: 'quartz.properties'
 INFO [2017-10-06 12:01:45,130] ({main} StdSchedulerFactory.java[instantiate]:1343) - Quartz scheduler version: 2.2.1
 INFO [2017-10-06 12:01:45,131] ({main} QuartzScheduler.java[start]:575) - Scheduler DefaultQuartzScheduler_$_NON_CLUSTERED started.
 INFO [2017-10-06 12:01:45,138] ({main} Notebook.java[<init>]:127) - Notebook indexing started...
 INFO [2017-10-06 12:01:45,154] ({main} LuceneSearch.java[addIndexDocs]:305) - Indexing 0 notebooks took 15ms
 INFO [2017-10-06 12:01:45,155] ({main} Notebook.java[<init>]:129) - Notebook indexing finished: 0 indexed in 0s
 INFO [2017-10-06 12:01:45,519] ({main} ServerImpl.java[initDestination]:94) - Setting the server's publish address to be /
 INFO [2017-10-06 12:01:46,608] ({main} ContextHandler.java[doStart]:744) - Started o.e.j.w.WebAppContext@44f75083{/,file:/zeppelin/webapps/webapp/,AVAILABLE}{/zeppelin/zeppelin-web-0.7.3.war}
 INFO [2017-10-06 12:01:46,634] ({main} AbstractConnector.java[doStart]:266) - Started ServerConnector@5533dc72{HTTP/1.1}{0.0.0.0:8080}
 INFO [2017-10-06 12:01:46,634] ({main} Server.java[doStart]:379) - Started @10756ms
 INFO [2017-10-06 12:01:46,635] ({main} ZeppelinServer.java[main]:197) - Done, zeppelin server started
 WARN [2017-10-06 12:03:06,533] ({qtp75457651-16} SecurityRestApi.java[ticket]:87) - {"status":"OK","message":"","body":{"principal":"anonymous","ticket":"anonymous","roles":"[]"}}
 INFO [2017-10-06 12:03:06,718] ({qtp75457651-14} NotebookServer.java[onOpen]:157) - New connection from 172.17.0.1 : 46564
 INFO [2017-10-06 12:03:36,277] ({qtp75457651-14} NotebookServer.java[onClose]:364) - Closed connection to 172.17.0.1 : 46564. (1001) null
 WARN [2017-10-06 12:03:43,733] ({qtp75457651-15} SecurityRestApi.java[ticket]:87) - {"status":"OK","message":"","body":{"principal":"anonymous","ticket":"anonymous","roles":"[]"}}
 INFO [2017-10-06 12:03:43,842] ({qtp75457651-13} NotebookServer.java[onOpen]:157) - New connection from 172.17.0.1 : 46584
 INFO [2017-10-06 12:03:57,486] ({qtp75457651-13} FolderView.java[onNoteNameChanged]:205) - Note name changed:  -> Summit: Face Detection
 INFO [2017-10-06 12:03:57,488] ({qtp75457651-13} FolderView.java[createFolder]:107) - Create folder /
 INFO [2017-10-06 12:03:57,489] ({qtp75457651-13} Folder.java[setParent]:168) - Set parent of / to /
 INFO [2017-10-06 12:03:57,490] ({qtp75457651-13} Folder.java[addNote]:184) - Add note 2CXRE925Q to folder /
 INFO [2017-10-06 12:04:00,148] ({qtp75457651-14} NotebookServer.java[sendNote]:711) - New operation from 172.17.0.1 : 46584 : anonymous : GET_NOTE : 2CXRE925Q
 WARN [2017-10-06 12:04:00,245] ({qtp75457651-14} GitNotebookRepo.java[revisionHistory]:157) - No Head found for 2CXRE925Q, No HEAD exists and no explicit starting revision was specified
 INFO [2017-10-06 12:04:00,370] ({qtp75457651-15} InterpreterFactory.java[createInterpretersForNote]:188) - Create interpreter instance spark for note 2CXRE925Q
 INFO [2017-10-06 12:04:00,380] ({qtp75457651-15} InterpreterFactory.java[createInterpretersForNote]:221) - Interpreter org.apache.zeppelin.spark.SparkInterpreter 1323300610 created
 INFO [2017-10-06 12:04:00,381] ({qtp75457651-15} InterpreterFactory.java[createInterpretersForNote]:221) - Interpreter org.apache.zeppelin.spark.SparkSqlInterpreter 11287512 created
 INFO [2017-10-06 12:04:00,382] ({qtp75457651-15} InterpreterFactory.java[createInterpretersForNote]:221) - Interpreter org.apache.zeppelin.spark.DepInterpreter 150189434 created
 INFO [2017-10-06 12:04:00,383] ({qtp75457651-15} InterpreterFactory.java[createInterpretersForNote]:221) - Interpreter org.apache.zeppelin.spark.PySparkInterpreter 1274032479 created
 INFO [2017-10-06 12:04:00,384] ({qtp75457651-15} InterpreterFactory.java[createInterpretersForNote]:221) - Interpreter org.apache.zeppelin.spark.SparkRInterpreter 2057746628 created
 INFO [2017-10-06 12:11:19,736] ({Thread-13} ZeppelinServer.java[run]:201) - Shutting down Zeppelin Server ... 
 INFO [2017-10-06 12:11:19,783] ({qtp75457651-18} NotebookServer.java[onClose]:364) - Closed connection to 172.17.0.1 : 46584. (1005) null
 INFO [2017-10-06 12:11:19,788] ({Thread-13} AbstractConnector.java[doStop]:306) - Stopped ServerConnector@5533dc72{HTTP/1.1}{0.0.0.0:8080}
 INFO [2017-10-06 12:11:19,813] ({Thread-13} ContextHandler.java[doStop]:865) - Stopped o.e.j.w.WebAppContext@44f75083{/,file:/zeppelin/webapps/webapp/,UNAVAILABLE}{/zeppelin/zeppelin-web-0.7.3.war}
 INFO [2017-10-06 12:11:20,682] ({Thread-16} InterpreterGroup.java[shutdown]:245) - Close interpreter group 2CXHFJKT9:shared_process
 INFO [2017-10-06 12:11:20,692] ({Thread-21} InterpreterGroup.java[shutdown]:245) - Close interpreter group 2CUKX4GZC:shared_process
 INFO [2017-10-06 12:11:20,694] ({Thread-30} InterpreterGroup.java[shutdown]:245) - Close interpreter group 2CXDW5MAS:shared_process
 INFO [2017-10-06 12:11:20,695] ({Thread-34} InterpreterGroup.java[shutdown]:245) - Close interpreter group 2CUCYHSMN:shared_process
 INFO [2017-10-06 12:11:20,695] ({Thread-20} InterpreterGroup.java[shutdown]:245) - Close interpreter group 2CXC74ZW9:shared_process
 INFO [2017-10-06 12:11:20,694] ({Thread-33} InterpreterGroup.java[shutdown]:245) - Close interpreter group 2CURJPDJY:shared_process
 INFO [2017-10-06 12:11:20,685] ({Thread-32} InterpreterGroup.java[shutdown]:245) - Close interpreter group 2CWBF4HKN:shared_process
 INFO [2017-10-06 12:11:20,694] ({Thread-31} InterpreterGroup.java[shutdown]:245) - Close interpreter group 2CW6SH719:shared_process
 INFO [2017-10-06 12:11:20,694] ({Thread-29} InterpreterGroup.java[shutdown]:245) - Close interpreter group 2CUEBVXGU:shared_process
 INFO [2017-10-06 12:11:20,694] ({Thread-28} InterpreterGroup.java[shutdown]:245) - Close interpreter group 2CUX3UCDB:shared_process
 INFO [2017-10-06 12:11:20,693] ({Thread-22} InterpreterGroup.java[shutdown]:245) - Close interpreter group 2CW75GK7H:shared_process
 INFO [2017-10-06 12:11:20,693] ({Thread-27} InterpreterGroup.java[shutdown]:245) - Close interpreter group 2CWMEG7R1:shared_process
 INFO [2017-10-06 12:11:20,693] ({Thread-26} InterpreterGroup.java[shutdown]:245) - Close interpreter group 2CTYPXKZU:shared_process
 INFO [2017-10-06 12:11:20,693] ({Thread-24} InterpreterGroup.java[shutdown]:245) - Close interpreter group 2CU2A2P6X:shared_process
 INFO [2017-10-06 12:11:20,693] ({Thread-23} InterpreterGroup.java[shutdown]:245) - Close interpreter group 2CVQAS4ZC:shared_process
 INFO [2017-10-06 12:11:20,683] ({Thread-18} InterpreterGroup.java[shutdown]:245) - Close interpreter group 2CV9S8R3J:shared_process
 INFO [2017-10-06 12:11:20,683] ({Thread-17} InterpreterGroup.java[shutdown]:245) - Close interpreter group 2CUZFAWMQ:shared_process
 INFO [2017-10-06 12:11:20,683] ({Thread-19} InterpreterGroup.java[shutdown]:245) - Close interpreter group 2CWUSGUYS:shared_process
 INFO [2017-10-06 12:11:20,763] ({Thread-58} InterpreterGroup.java[close]:185) - Close interpreter group 2CWBF4HKN:shared_process for session: shared_session
 INFO [2017-10-06 12:11:20,733] ({Thread-35} InterpreterGroup.java[shutdown]:245) - Close interpreter group 2CXHFN417:shared_process
 INFO [2017-10-06 12:11:20,773] ({Thread-13} NotebookRepoSync.java[close]:430) - Closing all notebook storages
 INFO [2017-10-06 12:11:23,775] ({Thread-13} ZeppelinServer.java[run]:210) - Bye
